[2026-03-27 15:06:59,987] ERROR in App (726): Failed to load dataset for EDA: C:\Users\Len\eye_health\backend\digital_eye_health.csv
Traceback (most recent call last):
  File "C:\Users\Len\eye_health\backend\App.py", line 724, in get_eda
    df = load_dataset()
         ^^^^^^^^^^^^^^
  File "C:\Users\Len\eye_health\backend\App.py", line 152, in load_dataset
    raise FileNotFoundError(DATASET_FILE)
FileNotFoundError: C:\Users\Len\eye_health\backend\digital_eye_health.csv
[2026-03-27 15:07:00,009] ERROR in App (726): Failed to load dataset for EDA: C:\Users\Len\eye_health\backend\digital_eye_health.csv
Traceback (most recent call last):
  File "C:\Users\Len\eye_health\backend\App.py", line 724, in get_eda
    df = load_dataset()
         ^^^^^^^^^^^^^^
  File "C:\Users\Len\eye_health\backend\App.py", line 152, in load_dataset
    raise FileNotFoundError(DATASET_FILE)
FileNotFoundError: C:\Users\Len\eye_health\backend\digital_eye_health.csv
[2026-03-27 15:07:26,224] ERROR in App (726): Failed to load dataset for EDA: C:\Users\Len\eye_health\backend\digital_eye_health.csv
Traceback (most recent call last):
  File "C:\Users\Len\eye_health\backend\App.py", line 724, in get_eda
    df = load_dataset()
         ^^^^^^^^^^^^^^
  File "C:\Users\Len\eye_health\backend\App.py", line 152, in load_dataset
    raise FileNotFoundError(DATASET_FILE)
FileNotFoundError: C:\Users\Len\eye_health\backend\digital_eye_health.csv
[2026-03-27 15:07:26,225] ERROR in App (726): Failed to load dataset for EDA: C:\Users\Len\eye_health\backend\digital_eye_health.csv
Traceback (most recent call last):
  File "C:\Users\Len\eye_health\backend\App.py", line 724, in get_eda
    df = load_dataset()
         ^^^^^^^^^^^^^^
  File "C:\Users\Len\eye_health\backend\App.py", line 152, in load_dataset
    raise FileNotFoundError(DATASET_FILE)
FileNotFoundError: C:\Users\Len\eye_health\backend\digital_eye_health.csv
[2026-03-27 15:07:40,557] ERROR in App (726): Failed to load dataset for EDA: C:\Users\Len\eye_health\backend\digital_eye_health.csv
Traceback (most recent call last):
  File "C:\Users\Len\eye_health\backend\App.py", line 724, in get_eda
    df = load_dataset()
         ^^^^^^^^^^^^^^
  File "C:\Users\Len\eye_health\backend\App.py", line 152, in load_dataset
    raise FileNotFoundError(DATASET_FILE)
FileNotFoundError: C:\Users\Len\eye_health\backend\digital_eye_health.csv
[2026-03-27 15:07:40,558] ERROR in App (726): Failed to load dataset for EDA: C:\Users\Len\eye_health\backend\digital_eye_health.csv
Traceback (most recent call last):
  File "C:\Users\Len\eye_health\backend\App.py", line 724, in get_eda
    df = load_dataset()
         ^^^^^^^^^^^^^^
  File "C:\Users\Len\eye_health\backend\App.py", line 152, in load_dataset
    raise FileNotFoundError(DATASET_FILE)
FileNotFoundError: C:\Users\Len\eye_health\backend\digital_eye_health.csv
[2026-03-27 15:21:56,364] ERROR in App (726): Failed to load dataset for EDA: read_csv() got an unexpected keyword argument 'errors'
Traceback (most recent call last):
  File "C:\Users\Len\eye_health\backend\App.py", line 724, in get_eda
    df = load_dataset()
         ^^^^^^^^^^^^^^
  File "C:\Users\Len\eye_health\backend\App.py", line 153, in load_dataset
    return pd.read_csv(DATASET_FILE, encoding='utf-8', errors='replace')
           ^^^^^^^^^^^^^^^^^^^^^^^^^^^^^^^^^^^^^^^^^^^^^^^^^^^^^^^^^^^^^
TypeError: read_csv() got an unexpected keyword argument 'errors'
[2026-03-27 15:21:56,368] ERROR in App (726): Failed to load dataset for EDA: read_csv() got an unexpected keyword argument 'errors'
Traceback (most recent call last):
  File "C:\Users\Len\eye_health\backend\App.py", line 724, in get_eda
    df = load_dataset()
         ^^^^^^^^^^^^^^
  File "C:\Users\Len\eye_health\backend\App.py", line 153, in load_dataset
    return pd.read_csv(DATASET_FILE, encoding='utf-8', errors='replace')
           ^^^^^^^^^^^^^^^^^^^^^^^^^^^^^^^^^^^^^^^^^^^^^^^^^^^^^^^^^^^^^
TypeError: read_csv() got an unexpected keyword argument 'errors'
[2026-03-27 15:21:58,809] ERROR in App (726): Failed to load dataset for EDA: read_csv() got an unexpected keyword argument 'errors'
Traceback (most recent call last):
  File "C:\Users\Len\eye_health\backend\App.py", line 724, in get_eda
    df = load_dataset()
         ^^^^^^^^^^^^^^
  File "C:\Users\Len\eye_health\backend\App.py", line 153, in load_dataset
    return pd.read_csv(DATASET_FILE, encoding='utf-8', errors='replace')
           ^^^^^^^^^^^^^^^^^^^^^^^^^^^^^^^^^^^^^^^^^^^^^^^^^^^^^^^^^^^^^
TypeError: read_csv() got an unexpected keyword argument 'errors'
[2026-03-27 15:21:58,817] ERROR in App (726): Failed to load dataset for EDA: read_csv() got an unexpected keyword argument 'errors'
Traceback (most recent call last):
  File "C:\Users\Len\eye_health\backend\App.py", line 724, in get_eda
    df = load_dataset()
         ^^^^^^^^^^^^^^
  File "C:\Users\Len\eye_health\backend\App.py", line 153, in load_dataset
    return pd.read_csv(DATASET_FILE, encoding='utf-8', errors='replace')
           ^^^^^^^^^^^^^^^^^^^^^^^^^^^^^^^^^^^^^^^^^^^^^^^^^^^^^^^^^^^^^
TypeError: read_csv() got an unexpected keyword argument 'errors'
[2026-03-27 15:25:20,886] ERROR in App (726): Failed to load dataset for EDA: read_csv() got an unexpected keyword argument 'errors'
Traceback (most recent call last):
  File "C:\Users\Len\eye_health\backend\App.py", line 724, in get_eda
    df = load_dataset()
         ^^^^^^^^^^^^^^
  File "C:\Users\Len\eye_health\backend\App.py", line 153, in load_dataset
    return pd.read_csv(DATASET_FILE, encoding='utf-8', errors='replace')
           ^^^^^^^^^^^^^^^^^^^^^^^^^^^^^^^^^^^^^^^^^^^^^^^^^^^^^^^^^^^^^
TypeError: read_csv() got an unexpected keyword argument 'errors'
[2026-03-27 15:25:20,900] ERROR in App (726): Failed to load dataset for EDA: read_csv() got an unexpected keyword argument 'errors'
Traceback (most recent call last):
  File "C:\Users\Len\eye_health\backend\App.py", line 724, in get_eda
    df = load_dataset()
         ^^^^^^^^^^^^^^
  File "C:\Users\Len\eye_health\backend\App.py", line 153, in load_dataset
    return pd.read_csv(DATASET_FILE, encoding='utf-8', errors='replace')
           ^^^^^^^^^^^^^^^^^^^^^^^^^^^^^^^^^^^^^^^^^^^^^^^^^^^^^^^^^^^^^
TypeError: read_csv() got an unexpected keyword argument 'errors'
[2026-03-27 15:26:07,562] ERROR in App (726): Failed to load dataset for EDA: read_csv() got an unexpected keyword argument 'errors'
Traceback (most recent call last):
  File "C:\Users\Len\eye_health\backend\App.py", line 724, in get_eda
    df = load_dataset()
         ^^^^^^^^^^^^^^
  File "C:\Users\Len\eye_health\backend\App.py", line 153, in load_dataset
    return pd.read_csv(DATASET_FILE, encoding='utf-8', errors='replace')
           ^^^^^^^^^^^^^^^^^^^^^^^^^^^^^^^^^^^^^^^^^^^^^^^^^^^^^^^^^^^^^
TypeError: read_csv() got an unexpected keyword argument 'errors'
[2026-03-27 15:26:07,567] ERROR in App (726): Failed to load dataset for EDA: read_csv() got an unexpected keyword argument 'errors'
Traceback (most recent call last):
  File "C:\Users\Len\eye_health\backend\App.py", line 724, in get_eda
    df = load_dataset()
         ^^^^^^^^^^^^^^
  File "C:\Users\Len\eye_health\backend\App.py", line 153, in load_dataset
    return pd.read_csv(DATASET_FILE, encoding='utf-8', errors='replace')
           ^^^^^^^^^^^^^^^^^^^^^^^^^^^^^^^^^^^^^^^^^^^^^^^^^^^^^^^^^^^^^
TypeError: read_csv() got an unexpected keyword argument 'errors'
[2026-03-27 15:30:14,258] ERROR in App (726): Failed to load dataset for EDA: read_csv() got an unexpected keyword argument 'errors'
Traceback (most recent call last):
  File "C:\Users\Len\eye_health\backend\App.py", line 724, in get_eda
    cache_key = 'eda_data'
             ^^^^^^^^^^^^^^
  File "C:\Users\Len\eye_health\backend\App.py", line 153, in load_dataset
    if not os.path.exists(DATASET_FILE):
           ^^^^^^^^^^^^^^^^^^^^^^^^^^^^^^
TypeError: read_csv() got an unexpected keyword argument 'errors'
[2026-03-27 15:33:33,252] ERROR in App (727): Failed to load dataset for EDA: read_csv() got an unexpected keyword argument 'errors'
Traceback (most recent call last):
  File "C:\Users\Len\eye_health\backend\App.py", line 724, in get_eda
    df = load_dataset()
         ^^^^^^^^^^^^^^
  File "C:\Users\Len\eye_health\backend\App.py", line 153, in load_dataset
    return pd.read_csv(DATASET_FILE, encoding='utf-8', errors='replace')
           ^^^^^^^^^^^^^^^^^^^^^^^^^^^^^^^^^^^^^^^^^^^^^^^^^^^^^^^^^^^^^
TypeError: read_csv() got an unexpected keyword argument 'errors'
[2026-03-27 15:33:33,262] ERROR in App (727): Failed to load dataset for EDA: read_csv() got an unexpected keyword argument 'errors'
Traceback (most recent call last):
  File "C:\Users\Len\eye_health\backend\App.py", line 724, in get_eda
    df = load_dataset()
         ^^^^^^^^^^^^^^
  File "C:\Users\Len\eye_health\backend\App.py", line 153, in load_dataset
    return pd.read_csv(DATASET_FILE, encoding='utf-8', errors='replace')
           ^^^^^^^^^^^^^^^^^^^^^^^^^^^^^^^^^^^^^^^^^^^^^^^^^^^^^^^^^^^^^
TypeError: read_csv() got an unexpected keyword argument 'errors'
[2026-03-27 15:56:33,827] ERROR in App (43): Unhandled Exception Occurred
Traceback (most recent call last):
  File "C:\Users\Len\anaconda3\Lib\site-packages\werkzeug\wrappers\request.py", line 611, in get_json
    rv = self.json_module.loads(data)
         ^^^^^^^^^^^^^^^^^^^^^^^^^^^^
  File "C:\Users\Len\anaconda3\Lib\site-packages\flask\json\provider.py", line 187, in loads
    return json.loads(s, **kwargs)
           ^^^^^^^^^^^^^^^^^^^^^^^
  File "C:\Users\Len\anaconda3\Lib\json\__init__.py", line 346, in loads
    return _default_decoder.decode(s)
           ^^^^^^^^^^^^^^^^^^^^^^^^^^
  File "C:\Users\Len\anaconda3\Lib\json\decoder.py", line 337, in decode
    obj, end = self.raw_decode(s, idx=_w(s, 0).end())
               ^^^^^^^^^^^^^^^^^^^^^^^^^^^^^^^^^^^^^^
  File "C:\Users\Len\anaconda3\Lib\json\decoder.py", line 353, in raw_decode
    obj, end = self.scan_once(s, idx)
               ^^^^^^^^^^^^^^^^^^^^^^
json.decoder.JSONDecodeError: Expecting property name enclosed in double quotes: line 1 column 2 (char 1)

During handling of the above exception, another exception occurred:

Traceback (most recent call last):
  File "C:\Users\Len\anaconda3\Lib\site-packages\flask\wrappers.py", line 214, in on_json_loading_failed
    return super().on_json_loading_failed(e)
           ^^^^^^^^^^^^^^^^^^^^^^^^^^^^^^^^^
  File "C:\Users\Len\anaconda3\Lib\site-packages\werkzeug\wrappers\request.py", line 645, in on_json_loading_failed
    raise BadRequest(f"Failed to decode JSON object: {e}")
werkzeug.exceptions.BadRequest: 400 Bad Request: Failed to decode JSON object: Expecting property name enclosed in double quotes: line 1 column 2 (char 1)

The above exception was the direct cause of the following exception:

Traceback (most recent call last):
  File "C:\Users\Len\anaconda3\Lib\site-packages\flask\app.py", line 917, in full_dispatch_request
    rv = self.dispatch_request()
         ^^^^^^^^^^^^^^^^^^^^^^^
  File "C:\Users\Len\anaconda3\Lib\site-packages\flask\app.py", line 902, in dispatch_request
    return self.ensure_sync(self.view_functions[rule.endpoint])(**view_args)  # type: ignore[no-any-return]
           ^^^^^^^^^^^^^^^^^^^^^^^^^^^^^^^^^^^^^^^^^^^^^^^^^^^^^^^^^^^^^^^^^
  File "C:\Users\Len\eye_health\backend\App.py", line 403, in predict
    data = request.json or {}
           ^^^^^^^^^^^^
  File "C:\Users\Len\anaconda3\Lib\site-packages\werkzeug\wrappers\request.py", line 560, in json
    return self.get_json()
           ^^^^^^^^^^^^^^^
  File "C:\Users\Len\anaconda3\Lib\site-packages\werkzeug\wrappers\request.py", line 620, in get_json
    rv = self.on_json_loading_failed(e)
         ^^^^^^^^^^^^^^^^^^^^^^^^^^^^^^
  File "C:\Users\Len\anaconda3\Lib\site-packages\flask\wrappers.py", line 219, in on_json_loading_failed
    raise BadRequest() from ebr
werkzeug.exceptions.BadRequest: 400 Bad Request: The browser (or proxy) sent a request that this server could not understand.
[2026-03-27 15:59:16,322] ERROR in App (43): Unhandled Exception Occurred
Traceback (most recent call last):
  File "C:\Users\Len\anaconda3\Lib\site-packages\werkzeug\wrappers\request.py", line 611, in get_json
    rv = self.json_module.loads(data)
         ^^^^^^^^^^^^^^^^^^^^^^^^^^^^
  File "C:\Users\Len\anaconda3\Lib\site-packages\flask\json\provider.py", line 187, in loads
    return json.loads(s, **kwargs)
           ^^^^^^^^^^^^^^^^^^^^^^^
  File "C:\Users\Len\anaconda3\Lib\json\__init__.py", line 346, in loads
    return _default_decoder.decode(s)
           ^^^^^^^^^^^^^^^^^^^^^^^^^^
  File "C:\Users\Len\anaconda3\Lib\json\decoder.py", line 337, in decode
    obj, end = self.raw_decode(s, idx=_w(s, 0).end())
               ^^^^^^^^^^^^^^^^^^^^^^^^^^^^^^^^^^^^^^
  File "C:\Users\Len\anaconda3\Lib\json\decoder.py", line 353, in raw_decode
    obj, end = self.scan_once(s, idx)
               ^^^^^^^^^^^^^^^^^^^^^^
json.decoder.JSONDecodeError: Expecting property name enclosed in double quotes: line 1 column 2 (char 1)

During handling of the above exception, another exception occurred:

Traceback (most recent call last):
  File "C:\Users\Len\anaconda3\Lib\site-packages\flask\wrappers.py", line 214, in on_json_loading_failed
    return super().on_json_loading_failed(e)
           ^^^^^^^^^^^^^^^^^^^^^^^^^^^^^^^^^
  File "C:\Users\Len\anaconda3\Lib\site-packages\werkzeug\wrappers\request.py", line 645, in on_json_loading_failed
    raise BadRequest(f"Failed to decode JSON object: {e}")
werkzeug.exceptions.BadRequest: 400 Bad Request: Failed to decode JSON object: Expecting property name enclosed in double quotes: line 1 column 2 (char 1)

The above exception was the direct cause of the following exception:

Traceback (most recent call last):
  File "C:\Users\Len\anaconda3\Lib\site-packages\flask\app.py", line 917, in full_dispatch_request
    rv = self.dispatch_request()
         ^^^^^^^^^^^^^^^^^^^^^^^
  File "C:\Users\Len\anaconda3\Lib\site-packages\flask\app.py", line 902, in dispatch_request
    return self.ensure_sync(self.view_functions[rule.endpoint])(**view_args)  # type: ignore[no-any-return]
           ^^^^^^^^^^^^^^^^^^^^^^^^^^^^^^^^^^^^^^^^^^^^^^^^^^^^^^^^^^^^^^^^^
  File "C:\Users\Len\eye_health\backend\App.py", line 403, in predict
    data = request.json or {}
           ^^^^^^^^^^^^
  File "C:\Users\Len\anaconda3\Lib\site-packages\werkzeug\wrappers\request.py", line 560, in json
    return self.get_json()
           ^^^^^^^^^^^^^^^
  File "C:\Users\Len\anaconda3\Lib\site-packages\werkzeug\wrappers\request.py", line 620, in get_json
    rv = self.on_json_loading_failed(e)
         ^^^^^^^^^^^^^^^^^^^^^^^^^^^^^^
  File "C:\Users\Len\anaconda3\Lib\site-packages\flask\wrappers.py", line 219, in on_json_loading_failed
    raise BadRequest() from ebr
werkzeug.exceptions.BadRequest: 400 Bad Request: The browser (or proxy) sent a request that this server could not understand.
[2026-03-27 15:59:35,408] ERROR in App (43): Unhandled Exception Occurred
Traceback (most recent call last):
  File "C:\Users\Len\anaconda3\Lib\site-packages\werkzeug\wrappers\request.py", line 611, in get_json
    rv = self.json_module.loads(data)
         ^^^^^^^^^^^^^^^^^^^^^^^^^^^^
  File "C:\Users\Len\anaconda3\Lib\site-packages\flask\json\provider.py", line 187, in loads
    return json.loads(s, **kwargs)
           ^^^^^^^^^^^^^^^^^^^^^^^
  File "C:\Users\Len\anaconda3\Lib\json\__init__.py", line 346, in loads
    return _default_decoder.decode(s)
           ^^^^^^^^^^^^^^^^^^^^^^^^^^
  File "C:\Users\Len\anaconda3\Lib\json\decoder.py", line 337, in decode
    obj, end = self.raw_decode(s, idx=_w(s, 0).end())
               ^^^^^^^^^^^^^^^^^^^^^^^^^^^^^^^^^^^^^^
  File "C:\Users\Len\anaconda3\Lib\json\decoder.py", line 353, in raw_decode
    obj, end = self.scan_once(s, idx)
               ^^^^^^^^^^^^^^^^^^^^^^
json.decoder.JSONDecodeError: Expecting property name enclosed in double quotes: line 1 column 2 (char 1)

During handling of the above exception, another exception occurred:

Traceback (most recent call last):
  File "C:\Users\Len\anaconda3\Lib\site-packages\flask\wrappers.py", line 214, in on_json_loading_failed
    return super().on_json_loading_failed(e)
           ^^^^^^^^^^^^^^^^^^^^^^^^^^^^^^^^^
  File "C:\Users\Len\anaconda3\Lib\site-packages\werkzeug\wrappers\request.py", line 645, in on_json_loading_failed
    raise BadRequest(f"Failed to decode JSON object: {e}")
werkzeug.exceptions.BadRequest: 400 Bad Request: Failed to decode JSON object: Expecting property name enclosed in double quotes: line 1 column 2 (char 1)

The above exception was the direct cause of the following exception:

Traceback (most recent call last):
  File "C:\Users\Len\anaconda3\Lib\site-packages\flask\app.py", line 917, in full_dispatch_request
    rv = self.dispatch_request()
         ^^^^^^^^^^^^^^^^^^^^^^^
  File "C:\Users\Len\anaconda3\Lib\site-packages\flask\app.py", line 902, in dispatch_request
    return self.ensure_sync(self.view_functions[rule.endpoint])(**view_args)  # type: ignore[no-any-return]
           ^^^^^^^^^^^^^^^^^^^^^^^^^^^^^^^^^^^^^^^^^^^^^^^^^^^^^^^^^^^^^^^^^
  File "C:\Users\Len\eye_health\backend\App.py", line 403, in predict
    data = request.json or {}
           ^^^^^^^^^^^^
  File "C:\Users\Len\anaconda3\Lib\site-packages\werkzeug\wrappers\request.py", line 560, in json
    return self.get_json()
           ^^^^^^^^^^^^^^^
  File "C:\Users\Len\anaconda3\Lib\site-packages\werkzeug\wrappers\request.py", line 620, in get_json
    rv = self.on_json_loading_failed(e)
         ^^^^^^^^^^^^^^^^^^^^^^^^^^^^^^
  File "C:\Users\Len\anaconda3\Lib\site-packages\flask\wrappers.py", line 219, in on_json_loading_failed
    raise BadRequest() from ebr
werkzeug.exceptions.BadRequest: 400 Bad Request: The browser (or proxy) sent a request that this server could not understand.
[2026-03-27 16:01:26,035] ERROR in App (43): Unhandled Exception Occurred
Traceback (most recent call last):
  File "C:\Users\Len\anaconda3\Lib\site-packages\flask\app.py", line 917, in full_dispatch_request
    rv = self.dispatch_request()
         ^^^^^^^^^^^^^^^^^^^^^^^
  File "C:\Users\Len\anaconda3\Lib\site-packages\flask\app.py", line 902, in dispatch_request
    return self.ensure_sync(self.view_functions[rule.endpoint])(**view_args)  # type: ignore[no-any-return]
           ^^^^^^^^^^^^^^^^^^^^^^^^^^^^^^^^^^^^^^^^^^^^^^^^^^^^^^^^^^^^^^^^^
  File "C:\Users\Len\eye_health\backend\App.py", line 529, in predict
    trend = get_risk_trend(email)
            ^^^^^^^^^^^^^^^^^^^^^
  File "C:\Users\Len\eye_health\backend\App.py", line 248, in get_risk_trend
    scores = [float(r['risk_score'] or 0) for r in rows]
              ^^^^^^^^^^^^^^^^^^^^^^^^^^^
ValueError: could not convert string to float: b'\xcd\xcc\x80A'
[2026-03-27 16:01:28,198] ERROR in App (43): Unhandled Exception Occurred
Traceback (most recent call last):
  File "C:\Users\Len\anaconda3\Lib\site-packages\flask\app.py", line 917, in full_dispatch_request
    rv = self.dispatch_request()
         ^^^^^^^^^^^^^^^^^^^^^^^
  File "C:\Users\Len\anaconda3\Lib\site-packages\flask\app.py", line 902, in dispatch_request
    return self.ensure_sync(self.view_functions[rule.endpoint])(**view_args)  # type: ignore[no-any-return]
           ^^^^^^^^^^^^^^^^^^^^^^^^^^^^^^^^^^^^^^^^^^^^^^^^^^^^^^^^^^^^^^^^^
  File "C:\Users\Len\eye_health\backend\App.py", line 529, in predict
    trend = get_risk_trend(email)
            ^^^^^^^^^^^^^^^^^^^^^
  File "C:\Users\Len\eye_health\backend\App.py", line 248, in get_risk_trend
    scores = [float(r['risk_score'] or 0) for r in rows]
              ^^^^^^^^^^^^^^^^^^^^^^^^^^^
ValueError: could not convert string to float: b'\xcd\xcc\x80A'
[2026-03-27 16:01:58,381] ERROR in App (43): Unhandled Exception Occurred
Traceback (most recent call last):
  File "C:\Users\Len\anaconda3\Lib\site-packages\flask\app.py", line 917, in full_dispatch_request
    rv = self.dispatch_request()
         ^^^^^^^^^^^^^^^^^^^^^^^
  File "C:\Users\Len\anaconda3\Lib\site-packages\flask\app.py", line 902, in dispatch_request
    return self.ensure_sync(self.view_functions[rule.endpoint])(**view_args)  # type: ignore[no-any-return]
           ^^^^^^^^^^^^^^^^^^^^^^^^^^^^^^^^^^^^^^^^^^^^^^^^^^^^^^^^^^^^^^^^^
  File "C:\Users\Len\eye_health\backend\App.py", line 529, in predict
    trend = get_risk_trend(email)
            ^^^^^^^^^^^^^^^^^^^^^
  File "C:\Users\Len\eye_health\backend\App.py", line 248, in get_risk_trend
    scores = [float(r['risk_score'] or 0) for r in rows]
              ^^^^^^^^^^^^^^^^^^^^^^^^^^^
ValueError: could not convert string to float: b'33{A'
[2026-03-27 16:02:03,031] ERROR in App (43): Unhandled Exception Occurred
Traceback (most recent call last):
  File "C:\Users\Len\anaconda3\Lib\site-packages\flask\app.py", line 917, in full_dispatch_request
    rv = self.dispatch_request()
         ^^^^^^^^^^^^^^^^^^^^^^^
  File "C:\Users\Len\anaconda3\Lib\site-packages\flask\app.py", line 902, in dispatch_request
    return self.ensure_sync(self.view_functions[rule.endpoint])(**view_args)  # type: ignore[no-any-return]
           ^^^^^^^^^^^^^^^^^^^^^^^^^^^^^^^^^^^^^^^^^^^^^^^^^^^^^^^^^^^^^^^^^
  File "C:\Users\Len\eye_health\backend\App.py", line 529, in predict
    trend = get_risk_trend(email)
            ^^^^^^^^^^^^^^^^^^^^^
  File "C:\Users\Len\eye_health\backend\App.py", line 248, in get_risk_trend
    scores = [float(r['risk_score'] or 0) for r in rows]
              ^^^^^^^^^^^^^^^^^^^^^^^^^^^
ValueError: could not convert string to float: b'\xcd\xcc|A'
[2026-03-27 16:02:09,493] ERROR in App (43): Unhandled Exception Occurred
Traceback (most recent call last):
  File "C:\Users\Len\anaconda3\Lib\site-packages\flask\app.py", line 917, in full_dispatch_request
    rv = self.dispatch_request()
         ^^^^^^^^^^^^^^^^^^^^^^^
  File "C:\Users\Len\anaconda3\Lib\site-packages\flask\app.py", line 902, in dispatch_request
    return self.ensure_sync(self.view_functions[rule.endpoint])(**view_args)  # type: ignore[no-any-return]
           ^^^^^^^^^^^^^^^^^^^^^^^^^^^^^^^^^^^^^^^^^^^^^^^^^^^^^^^^^^^^^^^^^
  File "C:\Users\Len\eye_health\backend\App.py", line 529, in predict
    trend = get_risk_trend(email)
            ^^^^^^^^^^^^^^^^^^^^^
  File "C:\Users\Len\eye_health\backend\App.py", line 248, in get_risk_trend
    scores = [float(r['risk_score'] or 0) for r in rows]
              ^^^^^^^^^^^^^^^^^^^^^^^^^^^
ValueError: could not convert string to float: b'\x9a\x99yA'
[2026-03-27 16:02:13,072] ERROR in App (43): Unhandled Exception Occurred
Traceback (most recent call last):
  File "C:\Users\Len\anaconda3\Lib\site-packages\flask\app.py", line 917, in full_dispatch_request
    rv = self.dispatch_request()
         ^^^^^^^^^^^^^^^^^^^^^^^
  File "C:\Users\Len\anaconda3\Lib\site-packages\flask\app.py", line 902, in dispatch_request
    return self.ensure_sync(self.view_functions[rule.endpoint])(**view_args)  # type: ignore[no-any-return]
           ^^^^^^^^^^^^^^^^^^^^^^^^^^^^^^^^^^^^^^^^^^^^^^^^^^^^^^^^^^^^^^^^^
  File "C:\Users\Len\eye_health\backend\App.py", line 529, in predict
    trend = get_risk_trend(email)
            ^^^^^^^^^^^^^^^^^^^^^
  File "C:\Users\Len\eye_health\backend\App.py", line 248, in get_risk_trend
    scores = [float(r['risk_score'] or 0) for r in rows]
              ^^^^^^^^^^^^^^^^^^^^^^^^^^^
ValueError: could not convert string to float: b'\x9a\x99yA'
[2026-03-27 16:05:01,526] ERROR in App (43): Unhandled Exception Occurred
Traceback (most recent call last):
  File "C:\Users\Len\anaconda3\Lib\site-packages\flask\app.py", line 917, in full_dispatch_request
    rv = self.dispatch_request()
         ^^^^^^^^^^^^^^^^^^^^^^^
  File "C:\Users\Len\anaconda3\Lib\site-packages\flask\app.py", line 902, in dispatch_request
    return self.ensure_sync(self.view_functions[rule.endpoint])(**view_args)  # type: ignore[no-any-return]
           ^^^^^^^^^^^^^^^^^^^^^^^^^^^^^^^^^^^^^^^^^^^^^^^^^^^^^^^^^^^^^^^^^
  File "C:\Users\Len\eye_health\backend\App.py", line 588, in predict
    return jsonify({
           ^^^^^^^^^
  File "C:\Users\Len\anaconda3\Lib\site-packages\flask\json\__init__.py", line 170, in jsonify
    return current_app.json.response(*args, **kwargs)  # type: ignore[return-value]
           ^^^^^^^^^^^^^^^^^^^^^^^^^^^^^^^^^^^^^^^^^^
  File "C:\Users\Len\anaconda3\Lib\site-packages\flask\json\provider.py", line 214, in response
    f"{self.dumps(obj, **dump_args)}\n", mimetype=self.mimetype
       ^^^^^^^^^^^^^^^^^^^^^^^^^^^^
  File "C:\Users\Len\anaconda3\Lib\site-packages\flask\json\provider.py", line 179, in dumps
    return json.dumps(obj, **kwargs)
           ^^^^^^^^^^^^^^^^^^^^^^^^^
  File "C:\Users\Len\anaconda3\Lib\json\__init__.py", line 238, in dumps
    **kw).encode(obj)
          ^^^^^^^^^^^
  File "C:\Users\Len\anaconda3\Lib\json\encoder.py", line 200, in encode
    chunks = self.iterencode(o, _one_shot=True)
             ^^^^^^^^^^^^^^^^^^^^^^^^^^^^^^^^^^
  File "C:\Users\Len\anaconda3\Lib\json\encoder.py", line 258, in iterencode
    return _iterencode(o, 0)
           ^^^^^^^^^^^^^^^^^
  File "C:\Users\Len\anaconda3\Lib\site-packages\flask\json\provider.py", line 121, in _default
    raise TypeError(f"Object of type {type(o).__name__} is not JSON serializable")
TypeError: Object of type float32 is not JSON serializable
[2026-03-27 16:05:26,356] ERROR in App (43): Unhandled Exception Occurred
Traceback (most recent call last):
  File "C:\Users\Len\anaconda3\Lib\site-packages\flask\app.py", line 917, in full_dispatch_request
    rv = self.dispatch_request()
         ^^^^^^^^^^^^^^^^^^^^^^^
  File "C:\Users\Len\anaconda3\Lib\site-packages\flask\app.py", line 902, in dispatch_request
    return self.ensure_sync(self.view_functions[rule.endpoint])(**view_args)  # type: ignore[no-any-return]
           ^^^^^^^^^^^^^^^^^^^^^^^^^^^^^^^^^^^^^^^^^^^^^^^^^^^^^^^^^^^^^^^^^
  File "C:\Users\Len\eye_health\backend\App.py", line 588, in predict
    return jsonify({
           ^^^^^^^^^
  File "C:\Users\Len\anaconda3\Lib\site-packages\flask\json\__init__.py", line 170, in jsonify
    return current_app.json.response(*args, **kwargs)  # type: ignore[return-value]
           ^^^^^^^^^^^^^^^^^^^^^^^^^^^^^^^^^^^^^^^^^^
  File "C:\Users\Len\anaconda3\Lib\site-packages\flask\json\provider.py", line 214, in response
    f"{self.dumps(obj, **dump_args)}\n", mimetype=self.mimetype
       ^^^^^^^^^^^^^^^^^^^^^^^^^^^^
  File "C:\Users\Len\anaconda3\Lib\site-packages\flask\json\provider.py", line 179, in dumps
    return json.dumps(obj, **kwargs)
           ^^^^^^^^^^^^^^^^^^^^^^^^^
  File "C:\Users\Len\anaconda3\Lib\json\__init__.py", line 238, in dumps
    **kw).encode(obj)
          ^^^^^^^^^^^
  File "C:\Users\Len\anaconda3\Lib\json\encoder.py", line 200, in encode
    chunks = self.iterencode(o, _one_shot=True)
             ^^^^^^^^^^^^^^^^^^^^^^^^^^^^^^^^^^
  File "C:\Users\Len\anaconda3\Lib\json\encoder.py", line 258, in iterencode
    return _iterencode(o, 0)
           ^^^^^^^^^^^^^^^^^
  File "C:\Users\Len\anaconda3\Lib\site-packages\flask\json\provider.py", line 121, in _default
    raise TypeError(f"Object of type {type(o).__name__} is not JSON serializable")
TypeError: Object of type float32 is not JSON serializable
[2026-03-27 16:07:01,603] ERROR in App (43): Unhandled Exception Occurred
Traceback (most recent call last):
  File "C:\Users\Len\anaconda3\Lib\site-packages\flask\app.py", line 917, in full_dispatch_request
    rv = self.dispatch_request()
         ^^^^^^^^^^^^^^^^^^^^^^^
  File "C:\Users\Len\anaconda3\Lib\site-packages\flask\app.py", line 902, in dispatch_request
    return self.ensure_sync(self.view_functions[rule.endpoint])(**view_args)  # type: ignore[no-any-return]
           ^^^^^^^^^^^^^^^^^^^^^^^^^^^^^^^^^^^^^^^^^^^^^^^^^^^^^^^^^^^^^^^^^
  File "C:\Users\Len\eye_health\backend\App.py", line 588, in predict
    return jsonify({
           ^^^^^^^^^
  File "C:\Users\Len\anaconda3\Lib\site-packages\flask\json\__init__.py", line 170, in jsonify
    return current_app.json.response(*args, **kwargs)  # type: ignore[return-value]
           ^^^^^^^^^^^^^^^^^^^^^^^^^^^^^^^^^^^^^^^^^^
  File "C:\Users\Len\anaconda3\Lib\site-packages\flask\json\provider.py", line 214, in response
    f"{self.dumps(obj, **dump_args)}\n", mimetype=self.mimetype
       ^^^^^^^^^^^^^^^^^^^^^^^^^^^^
  File "C:\Users\Len\anaconda3\Lib\site-packages\flask\json\provider.py", line 179, in dumps
    return json.dumps(obj, **kwargs)
           ^^^^^^^^^^^^^^^^^^^^^^^^^
  File "C:\Users\Len\anaconda3\Lib\json\__init__.py", line 238, in dumps
    **kw).encode(obj)
          ^^^^^^^^^^^
  File "C:\Users\Len\anaconda3\Lib\json\encoder.py", line 200, in encode
    chunks = self.iterencode(o, _one_shot=True)
             ^^^^^^^^^^^^^^^^^^^^^^^^^^^^^^^^^^
  File "C:\Users\Len\anaconda3\Lib\json\encoder.py", line 258, in iterencode
    return _iterencode(o, 0)
           ^^^^^^^^^^^^^^^^^
  File "C:\Users\Len\anaconda3\Lib\site-packages\flask\json\provider.py", line 121, in _default
    raise TypeError(f"Object of type {type(o).__name__} is not JSON serializable")
TypeError: Object of type float32 is not JSON serializable
[2026-03-27 16:10:44,294] ERROR in App (62): Unhandled Exception Occurred
Traceback (most recent call last):
  File "C:\Users\Len\anaconda3\Lib\site-packages\werkzeug\wrappers\request.py", line 611, in get_json
    rv = self.json_module.loads(data)
         ^^^^^^^^^^^^^^^^^^^^^^^^^^^^
  File "C:\Users\Len\anaconda3\Lib\site-packages\flask\json\provider.py", line 187, in loads
    return json.loads(s, **kwargs)
           ^^^^^^^^^^^^^^^^^^^^^^^
  File "C:\Users\Len\anaconda3\Lib\json\__init__.py", line 346, in loads
    return _default_decoder.decode(s)
           ^^^^^^^^^^^^^^^^^^^^^^^^^^
  File "C:\Users\Len\anaconda3\Lib\json\decoder.py", line 337, in decode
    obj, end = self.raw_decode(s, idx=_w(s, 0).end())
               ^^^^^^^^^^^^^^^^^^^^^^^^^^^^^^^^^^^^^^
  File "C:\Users\Len\anaconda3\Lib\json\decoder.py", line 353, in raw_decode
    obj, end = self.scan_once(s, idx)
               ^^^^^^^^^^^^^^^^^^^^^^
json.decoder.JSONDecodeError: Expecting property name enclosed in double quotes: line 1 column 2 (char 1)

During handling of the above exception, another exception occurred:

Traceback (most recent call last):
  File "C:\Users\Len\anaconda3\Lib\site-packages\flask\wrappers.py", line 214, in on_json_loading_failed
    return super().on_json_loading_failed(e)
           ^^^^^^^^^^^^^^^^^^^^^^^^^^^^^^^^^
  File "C:\Users\Len\anaconda3\Lib\site-packages\werkzeug\wrappers\request.py", line 645, in on_json_loading_failed
    raise BadRequest(f"Failed to decode JSON object: {e}")
werkzeug.exceptions.BadRequest: 400 Bad Request: Failed to decode JSON object: Expecting property name enclosed in double quotes: line 1 column 2 (char 1)

The above exception was the direct cause of the following exception:

Traceback (most recent call last):
  File "C:\Users\Len\anaconda3\Lib\site-packages\flask\app.py", line 917, in full_dispatch_request
    rv = self.dispatch_request()
         ^^^^^^^^^^^^^^^^^^^^^^^
  File "C:\Users\Len\anaconda3\Lib\site-packages\flask\app.py", line 902, in dispatch_request
    return self.ensure_sync(self.view_functions[rule.endpoint])(**view_args)  # type: ignore[no-any-return]
           ^^^^^^^^^^^^^^^^^^^^^^^^^^^^^^^^^^^^^^^^^^^^^^^^^^^^^^^^^^^^^^^^^
  File "C:\Users\Len\eye_health\backend\App.py", line 471, in predict
    data = request.json or {}
           ^^^^^^^^^^^^
  File "C:\Users\Len\anaconda3\Lib\site-packages\werkzeug\wrappers\request.py", line 560, in json
    return self.get_json()
           ^^^^^^^^^^^^^^^
  File "C:\Users\Len\anaconda3\Lib\site-packages\werkzeug\wrappers\request.py", line 620, in get_json
    rv = self.on_json_loading_failed(e)
         ^^^^^^^^^^^^^^^^^^^^^^^^^^^^^^
  File "C:\Users\Len\anaconda3\Lib\site-packages\flask\wrappers.py", line 219, in on_json_loading_failed
    raise BadRequest() from ebr
werkzeug.exceptions.BadRequest: 400 Bad Request: The browser (or proxy) sent a request that this server could not understand.
[2026-03-28 06:27:09,408] ERROR in App (63): Unhandled Exception Occurred
Traceback (most recent call last):
  File "C:\Users\Len\anaconda3\Lib\site-packages\flask\app.py", line 917, in full_dispatch_request
    rv = self.dispatch_request()
         ^^^^^^^^^^^^^^^^^^^^^^^
  File "C:\Users\Len\anaconda3\Lib\site-packages\flask\app.py", line 891, in dispatch_request
    self.raise_routing_exception(req)
  File "C:\Users\Len\anaconda3\Lib\site-packages\flask\app.py", line 500, in raise_routing_exception
    raise request.routing_exception  # type: ignore[misc]
    ^^^^^^^^^^^^^^^^^^^^^^^^^^^^^^^
  File "C:\Users\Len\anaconda3\Lib\site-packages\flask\ctx.py", line 362, in match_request
    result = self.url_adapter.match(return_rule=True)  # type: ignore
             ^^^^^^^^^^^^^^^^^^^^^^^^^^^^^^^^^^^^^^^^
  File "C:\Users\Len\anaconda3\Lib\site-packages\werkzeug\routing\map.py", line 629, in match
    raise NotFound() from None
werkzeug.exceptions.NotFound: 404 Not Found: The requested URL was not found on the server. If you entered the URL manually please check your spelling and try again.
[2026-03-28 06:28:06,641] ERROR in App (63): Unhandled Exception Occurred
Traceback (most recent call last):
  File "C:\Users\Len\anaconda3\Lib\site-packages\flask\app.py", line 917, in full_dispatch_request
    rv = self.dispatch_request()
         ^^^^^^^^^^^^^^^^^^^^^^^
  File "C:\Users\Len\anaconda3\Lib\site-packages\flask\app.py", line 891, in dispatch_request
    self.raise_routing_exception(req)
  File "C:\Users\Len\anaconda3\Lib\site-packages\flask\app.py", line 500, in raise_routing_exception
    raise request.routing_exception  # type: ignore[misc]
    ^^^^^^^^^^^^^^^^^^^^^^^^^^^^^^^
  File "C:\Users\Len\anaconda3\Lib\site-packages\flask\ctx.py", line 362, in match_request
    result = self.url_adapter.match(return_rule=True)  # type: ignore
             ^^^^^^^^^^^^^^^^^^^^^^^^^^^^^^^^^^^^^^^^
  File "C:\Users\Len\anaconda3\Lib\site-packages\werkzeug\routing\map.py", line 629, in match
    raise NotFound() from None
werkzeug.exceptions.NotFound: 404 Not Found: The requested URL was not found on the server. If you entered the URL manually please check your spelling and try again.
[2026-03-28 06:28:14,354] ERROR in App (63): Unhandled Exception Occurred
Traceback (most recent call last):
  File "C:\Users\Len\anaconda3\Lib\site-packages\flask\app.py", line 917, in full_dispatch_request
    rv = self.dispatch_request()
         ^^^^^^^^^^^^^^^^^^^^^^^
  File "C:\Users\Len\anaconda3\Lib\site-packages\flask\app.py", line 891, in dispatch_request
    self.raise_routing_exception(req)
  File "C:\Users\Len\anaconda3\Lib\site-packages\flask\app.py", line 500, in raise_routing_exception
    raise request.routing_exception  # type: ignore[misc]
    ^^^^^^^^^^^^^^^^^^^^^^^^^^^^^^^
  File "C:\Users\Len\anaconda3\Lib\site-packages\flask\ctx.py", line 362, in match_request
    result = self.url_adapter.match(return_rule=True)  # type: ignore
             ^^^^^^^^^^^^^^^^^^^^^^^^^^^^^^^^^^^^^^^^
  File "C:\Users\Len\anaconda3\Lib\site-packages\werkzeug\routing\map.py", line 629, in match
    raise NotFound() from None
werkzeug.exceptions.NotFound: 404 Not Found: The requested URL was not found on the server. If you entered the URL manually please check your spelling and try again.
[2026-03-28 06:28:20,488] ERROR in App (63): Unhandled Exception Occurred
Traceback (most recent call last):
  File "C:\Users\Len\anaconda3\Lib\site-packages\flask\app.py", line 917, in full_dispatch_request
    rv = self.dispatch_request()
         ^^^^^^^^^^^^^^^^^^^^^^^
  File "C:\Users\Len\anaconda3\Lib\site-packages\flask\app.py", line 891, in dispatch_request
    self.raise_routing_exception(req)
  File "C:\Users\Len\anaconda3\Lib\site-packages\flask\app.py", line 500, in raise_routing_exception
    raise request.routing_exception  # type: ignore[misc]
    ^^^^^^^^^^^^^^^^^^^^^^^^^^^^^^^
  File "C:\Users\Len\anaconda3\Lib\site-packages\flask\ctx.py", line 362, in match_request
    result = self.url_adapter.match(return_rule=True)  # type: ignore
             ^^^^^^^^^^^^^^^^^^^^^^^^^^^^^^^^^^^^^^^^
  File "C:\Users\Len\anaconda3\Lib\site-packages\werkzeug\routing\map.py", line 629, in match
    raise NotFound() from None
werkzeug.exceptions.NotFound: 404 Not Found: The requested URL was not found on the server. If you entered the URL manually please check your spelling and try again.
[2026-03-28 06:28:27,798] ERROR in App (63): Unhandled Exception Occurred
Traceback (most recent call last):
  File "C:\Users\Len\anaconda3\Lib\site-packages\flask\app.py", line 917, in full_dispatch_request
    rv = self.dispatch_request()
         ^^^^^^^^^^^^^^^^^^^^^^^
  File "C:\Users\Len\anaconda3\Lib\site-packages\flask\app.py", line 891, in dispatch_request
    self.raise_routing_exception(req)
  File "C:\Users\Len\anaconda3\Lib\site-packages\flask\app.py", line 500, in raise_routing_exception
    raise request.routing_exception  # type: ignore[misc]
    ^^^^^^^^^^^^^^^^^^^^^^^^^^^^^^^
  File "C:\Users\Len\anaconda3\Lib\site-packages\flask\ctx.py", line 362, in match_request
    result = self.url_adapter.match(return_rule=True)  # type: ignore
             ^^^^^^^^^^^^^^^^^^^^^^^^^^^^^^^^^^^^^^^^
  File "C:\Users\Len\anaconda3\Lib\site-packages\werkzeug\routing\map.py", line 629, in match
    raise NotFound() from None
werkzeug.exceptions.NotFound: 404 Not Found: The requested URL was not found on the server. If you entered the URL manually please check your spelling and try again.
